


ARM Macro Assembler    Page 1 


    1 00000000         ;*******************************************************
                       *************************************************
    2 00000000         ;                                               uC/OS-II
                       
    3 00000000         ;                                         The Real-Time 
                       Kernel
    4 00000000         ;
    5 00000000         ;                               (c) Copyright 1992-2006,
                        Micrium, Weston, FL
    6 00000000         ;                                          All Rights Re
                       served
    7 00000000         ;
    8 00000000         ;                                           Generic ARM 
                       Port
    9 00000000         ;
   10 00000000         ; File          : OS_CPU_A.S
   11 00000000         ; Version       : V1.70
   12 00000000         ; By            : Jean J. Labrosse
   13 00000000         ;
   14 00000000         ; For           : ARM7 or ARM9
   15 00000000         ; Mode          : ARM or Thumb
   16 00000000         ; Modified by   : shen cheng
   17 00000000         ; Modified date : 2006-7-4
   18 00000000         ;*******************************************************
                       *************************************************
   19 00000000                 INCLUDE          wm_config.inc
    1 00000000         ;__TLS_OS_UCOS EQU 1  ;ถักาป
    2 00000000 00000001 
                       __TLS_OS_FREERTOS
                               EQU              1
    3 00000000                 END
   20 00000000                 PRESERVE8
   21 00000000                 AREA             UCOS_ARM, CODE, READONLY
   22 00000000                 IF               :DEF: __TLS_OS_UCOS
  345                          ENDIF
  346 00000000         
  347 00000000                 END
Command Line: --xref --cpu=ARM966E-S --apcs=interwork --depend=.\objs\os_cpu_a.
d -o.\objs\os_cpu_a.o -I..\..\..\Include -I..\..\..\Src\OS\RTOS\include -Id:\Ke
il_v4\ARM\RV31\INC -Id:\Keil_v4\ARM\CMSIS\Include --list=.\os_cpu_a.lst ..\..\.
.\Src\OS\uCOS-II\ports\os_cpu_a.s



ARM Macro Assembler    Page 1 Alphabetic symbol ordering
Relocatable symbols

UCOS_ARM 00000000

Symbol: UCOS_ARM
   Definitions
      At line 21 in file ..\..\..\Src\OS\uCOS-II\ports\os_cpu_a.s
   Uses
      None
Comment: UCOS_ARM unused
1 symbol



ARM Macro Assembler    Page 1 Alphabetic symbol ordering
Absolute symbols

__TLS_OS_FREERTOS 00000001

Symbol: __TLS_OS_FREERTOS
   Definitions
      At line 2 in file ..\..\..\Include\wm_config.inc
   Uses
      None
Comment: __TLS_OS_FREERTOS unused
1 symbol
334 symbols in table
